08-12-2022 21:41:31.866 [restartedMain] INFO  c.j.s.Java8SpringForLearnApplication.logStarting - Starting Java8SpringForLearnApplication using Java 11.0.12 on DESKTOP-39HRTMI with PID 15620 (C:\Users\DELL\eclipse-workspace\Java8_Spring_forLearn\target\classes started by DELL in C:\Users\DELL\eclipse-workspace\Java8_Spring_forLearn)
08-12-2022 21:41:31.884 [restartedMain] DEBUG c.j.s.Java8SpringForLearnApplication.logStarting - Running with Spring Boot v2.4.0, Spring v5.3.1
08-12-2022 21:41:31.887 [restartedMain] INFO  c.j.s.Java8SpringForLearnApplication.logStartupProfileInfo - The following profiles are active: dev
08-12-2022 21:41:37.116 [restartedMain] INFO  c.j.s.Java8SpringForLearnApplication.logStarted - Started Java8SpringForLearnApplication in 6.475 seconds (JVM running for 7.445)
08-12-2022 21:41:37.131 [restartedMain] ERROR c.j.s.spring.GETCommandLineRunner.run - ApplicationStartupRunnerOne run method Started !!
08-12-2022 21:41:37.133 [restartedMain] INFO  c.j.s.s.ApplicationStartupRunnerTwo.run - ApplicationStartupRunnerTwo run method Started !!
08-12-2022 21:41:37.134 [restartedMain] INFO  c.j.s.s.ApplicationStartupRunnerOne.run - ApplicationStartupRunnerOne run method Started !!
08-12-2022 21:41:37.161 [restartedMain] ERROR com.java8.springboot.spring.config.log - name: DungNguyen
age: 23-24

08-12-2022 21:44:56.836 [restartedMain] INFO  c.j.s.Java8SpringForLearnApplication.logStarting - Starting Java8SpringForLearnApplication using Java 11.0.12 on DESKTOP-39HRTMI with PID 15620 (C:\Users\DELL\eclipse-workspace\Java8_Spring_forLearn\target\classes started by DELL in C:\Users\DELL\eclipse-workspace\Java8_Spring_forLearn)
08-12-2022 21:44:56.836 [restartedMain] DEBUG c.j.s.Java8SpringForLearnApplication.logStarting - Running with Spring Boot v2.4.0, Spring v5.3.1
08-12-2022 21:44:56.836 [restartedMain] INFO  c.j.s.Java8SpringForLearnApplication.logStartupProfileInfo - The following profiles are active: dev
08-12-2022 21:45:06.529 [restartedMain] INFO  c.j.s.Java8SpringForLearnApplication.logStarting - Starting Java8SpringForLearnApplication using Java 11.0.12 on DESKTOP-39HRTMI with PID 15620 (C:\Users\DELL\eclipse-workspace\Java8_Spring_forLearn\target\classes started by DELL in C:\Users\DELL\eclipse-workspace\Java8_Spring_forLearn)
08-12-2022 21:45:06.529 [restartedMain] DEBUG c.j.s.Java8SpringForLearnApplication.logStarting - Running with Spring Boot v2.4.0, Spring v5.3.1
08-12-2022 21:45:06.529 [restartedMain] INFO  c.j.s.Java8SpringForLearnApplication.logStartupProfileInfo - The following profiles are active: dev
08-12-2022 21:45:07.895 [restartedMain] INFO  c.j.s.Java8SpringForLearnApplication.logStarted - Started Java8SpringForLearnApplication in 1.444 seconds (JVM running for 218.227)
08-12-2022 21:45:07.923 [restartedMain] ERROR c.j.s.spring.GETCommandLineRunner.run - ApplicationStartupRunnerOne run method Started !!
08-12-2022 21:45:07.939 [restartedMain] INFO  c.j.s.s.ApplicationStartupRunnerTwo.run - ApplicationStartupRunnerTwo run method Started !!
08-12-2022 21:45:07.939 [restartedMain] INFO  c.j.s.s.ApplicationStartupRunnerOne.run - ApplicationStartupRunnerOne run method Started !!
08-12-2022 21:45:07.955 [restartedMain] ERROR com.java8.springboot.spring.config.log - name: DungNguyen
age: 23-24

08-12-2022 21:45:17.545 [restartedMain] INFO  c.j.s.Java8SpringForLearnApplication.logStarting - Starting Java8SpringForLearnApplication using Java 11.0.12 on DESKTOP-39HRTMI with PID 14556 (C:\Users\DELL\eclipse-workspace\Java8_Spring_forLearn\target\classes started by DELL in C:\Users\DELL\eclipse-workspace\Java8_Spring_forLearn)
08-12-2022 21:45:17.545 [restartedMain] DEBUG c.j.s.Java8SpringForLearnApplication.logStarting - Running with Spring Boot v2.4.0, Spring v5.3.1
08-12-2022 21:45:17.560 [restartedMain] INFO  c.j.s.Java8SpringForLearnApplication.logStartupProfileInfo - The following profiles are active: dev
08-12-2022 21:45:39.473 [restartedMain] INFO  c.j.s.Java8SpringForLearnApplication.logStarting - Starting Java8SpringForLearnApplication using Java 11.0.12 on DESKTOP-39HRTMI with PID 12776 (C:\Users\DELL\eclipse-workspace\Java8_Spring_forLearn\target\classes started by DELL in C:\Users\DELL\eclipse-workspace\Java8_Spring_forLearn)
08-12-2022 21:45:39.489 [restartedMain] DEBUG c.j.s.Java8SpringForLearnApplication.logStarting - Running with Spring Boot v2.4.0, Spring v5.3.1
08-12-2022 21:45:39.489 [restartedMain] INFO  c.j.s.Java8SpringForLearnApplication.logStartupProfileInfo - The following profiles are active: dev
08-12-2022 21:45:44.084 [restartedMain] INFO  c.j.s.Java8SpringForLearnApplication.logStarted - Started Java8SpringForLearnApplication in 5.542 seconds (JVM running for 6.419)
08-12-2022 21:45:44.084 [restartedMain] ERROR c.j.s.spring.GETCommandLineRunner.run - ApplicationStartupRunnerOne run method Started !!
08-12-2022 21:45:44.100 [restartedMain] INFO  c.j.s.s.ApplicationStartupRunnerTwo.run - ApplicationStartupRunnerTwo run method Started !!
08-12-2022 21:45:44.100 [restartedMain] INFO  c.j.s.s.ApplicationStartupRunnerOne.run - ApplicationStartupRunnerOne run method Started !!
08-12-2022 21:45:44.116 [restartedMain] ERROR com.java8.springboot.spring.config.log - name: DungNguyen
age: 23-24

