2023-03-23 17:27:22,691 INFO org.springframework.boot.StartupInfoLogger [restartedMain] Starting Java8SpringForLearnApplication using Java 11.0.12 on DESKTOP-39HRTMI with PID 19808 (C:\Users\DELL\eclipse-workspace\Java8_Spring_forLearn\target\classes started by DELL in C:\Users\DELL\eclipse-workspace\Java8_Spring_forLearn)
2023-03-23 17:27:22,699 DEBUG org.springframework.boot.StartupInfoLogger [restartedMain] Running with Spring Boot v2.4.0, Spring v5.3.1
2023-03-23 17:27:22,704 INFO org.springframework.boot.SpringApplication [restartedMain] The following profiles are active: dev
2023-03-23 17:27:29,434 INFO org.springframework.boot.StartupInfoLogger [restartedMain] Started Java8SpringForLearnApplication in 7.869 seconds (JVM running for 9.618)
2023-03-23 17:27:29,444 ERROR com.java8.springboot.spring.GETCommandLineRunner [restartedMain] ApplicationStartupRunnerOne run method Started !!
2023-03-23 17:27:29,456 INFO com.java8.springboot.spring.ApplicationStartupRunnerTwo [restartedMain] ApplicationStartupRunnerTwo run method Started !!
2023-03-23 17:27:29,456 INFO com.java8.springboot.spring.ApplicationStartupRunnerOne [restartedMain] ApplicationStartupRunnerOne run method Started !!
2023-03-23 17:27:29,468 ERROR com.sun.istack.logging.Logger [restartedMain] name: DungNguyen
age: 23-24

2023-03-23 22:35:51,772 INFO org.springframework.boot.StartupInfoLogger [main] Starting Java8SpringForLearnApplicationTests using Java 11.0.12 on DESKTOP-39HRTMI with PID 19624 (started by DELL in C:\Users\DELL\eclipse-workspace\Java8_Spring_forLearn)
2023-03-23 22:35:51,780 DEBUG org.springframework.boot.StartupInfoLogger [main] Running with Spring Boot v2.4.0, Spring v5.3.1
2023-03-23 22:35:51,781 INFO org.springframework.boot.SpringApplication [main] The following profiles are active: dev
2023-03-23 22:35:59,546 INFO org.springframework.boot.StartupInfoLogger [main] Started Java8SpringForLearnApplicationTests in 9.319 seconds (JVM running for 12.304)
2023-03-23 22:35:59,554 ERROR com.java8.springboot.spring.GETCommandLineRunner [main] ApplicationStartupRunnerOne run method Started !!
2023-03-23 22:35:59,576 INFO com.java8.springboot.spring.ApplicationStartupRunnerTwo [main] ApplicationStartupRunnerTwo run method Started !!
2023-03-23 22:35:59,577 INFO com.java8.springboot.spring.ApplicationStartupRunnerOne [main] ApplicationStartupRunnerOne run method Started !!
2023-03-23 22:35:59,604 ERROR com.sun.istack.logging.Logger [main] name: DungNguyen
age: 23-24

2023-03-23 22:39:54,066 INFO org.springframework.boot.StartupInfoLogger [main] Starting Java8SpringForLearnApplicationTests using Java 11.0.12 on DESKTOP-39HRTMI with PID 18076 (started by DELL in C:\Users\DELL\eclipse-workspace\Java8_Spring_forLearn)
2023-03-23 22:39:54,140 DEBUG org.springframework.boot.StartupInfoLogger [main] Running with Spring Boot v2.4.0, Spring v5.3.1
2023-03-23 22:39:54,142 INFO org.springframework.boot.SpringApplication [main] The following profiles are active: dev
2023-03-23 22:40:10,121 INFO org.springframework.boot.StartupInfoLogger [main] Started Java8SpringForLearnApplicationTests in 20.752 seconds (JVM running for 24.981)
2023-03-23 22:40:10,281 ERROR com.java8.springboot.spring.GETCommandLineRunner [main] ApplicationStartupRunnerOne run method Started !!
2023-03-23 22:40:10,360 INFO com.java8.springboot.spring.ApplicationStartupRunnerTwo [main] ApplicationStartupRunnerTwo run method Started !!
2023-03-23 22:40:10,403 INFO com.java8.springboot.spring.ApplicationStartupRunnerOne [main] ApplicationStartupRunnerOne run method Started !!
2023-03-23 22:40:10,455 ERROR com.sun.istack.logging.Logger [main] name: DungNguyen
age: 23-24

