2022-12-08 21:41:31,866 INFO org.springframework.boot.StartupInfoLogger [restartedMain] Starting Java8SpringForLearnApplication using Java 11.0.12 on DESKTOP-39HRTMI with PID 15620 (C:\Users\DELL\eclipse-workspace\Java8_Spring_forLearn\target\classes started by DELL in C:\Users\DELL\eclipse-workspace\Java8_Spring_forLearn)
2022-12-08 21:41:31,884 DEBUG org.springframework.boot.StartupInfoLogger [restartedMain] Running with Spring Boot v2.4.0, Spring v5.3.1
2022-12-08 21:41:31,887 INFO org.springframework.boot.SpringApplication [restartedMain] The following profiles are active: dev
2022-12-08 21:41:37,116 INFO org.springframework.boot.StartupInfoLogger [restartedMain] Started Java8SpringForLearnApplication in 6.475 seconds (JVM running for 7.445)
2022-12-08 21:41:37,131 ERROR com.java8.springboot.spring.GETCommandLineRunner [restartedMain] ApplicationStartupRunnerOne run method Started !!
2022-12-08 21:41:37,133 INFO com.java8.springboot.spring.ApplicationStartupRunnerTwo [restartedMain] ApplicationStartupRunnerTwo run method Started !!
2022-12-08 21:41:37,134 INFO com.java8.springboot.spring.ApplicationStartupRunnerOne [restartedMain] ApplicationStartupRunnerOne run method Started !!
2022-12-08 21:41:37,161 ERROR com.sun.istack.logging.Logger [restartedMain] name: DungNguyen
age: 23-24

2022-12-08 21:44:56,836 INFO org.springframework.boot.StartupInfoLogger [restartedMain] Starting Java8SpringForLearnApplication using Java 11.0.12 on DESKTOP-39HRTMI with PID 15620 (C:\Users\DELL\eclipse-workspace\Java8_Spring_forLearn\target\classes started by DELL in C:\Users\DELL\eclipse-workspace\Java8_Spring_forLearn)
2022-12-08 21:44:56,836 DEBUG org.springframework.boot.StartupInfoLogger [restartedMain] Running with Spring Boot v2.4.0, Spring v5.3.1
2022-12-08 21:44:56,836 INFO org.springframework.boot.SpringApplication [restartedMain] The following profiles are active: dev
2022-12-08 21:45:06,529 INFO org.springframework.boot.StartupInfoLogger [restartedMain] Starting Java8SpringForLearnApplication using Java 11.0.12 on DESKTOP-39HRTMI with PID 15620 (C:\Users\DELL\eclipse-workspace\Java8_Spring_forLearn\target\classes started by DELL in C:\Users\DELL\eclipse-workspace\Java8_Spring_forLearn)
2022-12-08 21:45:06,529 DEBUG org.springframework.boot.StartupInfoLogger [restartedMain] Running with Spring Boot v2.4.0, Spring v5.3.1
2022-12-08 21:45:06,529 INFO org.springframework.boot.SpringApplication [restartedMain] The following profiles are active: dev
2022-12-08 21:45:07,895 INFO org.springframework.boot.StartupInfoLogger [restartedMain] Started Java8SpringForLearnApplication in 1.444 seconds (JVM running for 218.227)
2022-12-08 21:45:07,923 ERROR com.java8.springboot.spring.GETCommandLineRunner [restartedMain] ApplicationStartupRunnerOne run method Started !!
2022-12-08 21:45:07,939 INFO com.java8.springboot.spring.ApplicationStartupRunnerTwo [restartedMain] ApplicationStartupRunnerTwo run method Started !!
2022-12-08 21:45:07,939 INFO com.java8.springboot.spring.ApplicationStartupRunnerOne [restartedMain] ApplicationStartupRunnerOne run method Started !!
2022-12-08 21:45:07,955 ERROR com.sun.istack.logging.Logger [restartedMain] name: DungNguyen
age: 23-24

2022-12-08 21:45:17,545 INFO org.springframework.boot.StartupInfoLogger [restartedMain] Starting Java8SpringForLearnApplication using Java 11.0.12 on DESKTOP-39HRTMI with PID 14556 (C:\Users\DELL\eclipse-workspace\Java8_Spring_forLearn\target\classes started by DELL in C:\Users\DELL\eclipse-workspace\Java8_Spring_forLearn)
2022-12-08 21:45:17,545 DEBUG org.springframework.boot.StartupInfoLogger [restartedMain] Running with Spring Boot v2.4.0, Spring v5.3.1
2022-12-08 21:45:17,560 INFO org.springframework.boot.SpringApplication [restartedMain] The following profiles are active: dev
2022-12-08 21:45:39,473 INFO org.springframework.boot.StartupInfoLogger [restartedMain] Starting Java8SpringForLearnApplication using Java 11.0.12 on DESKTOP-39HRTMI with PID 12776 (C:\Users\DELL\eclipse-workspace\Java8_Spring_forLearn\target\classes started by DELL in C:\Users\DELL\eclipse-workspace\Java8_Spring_forLearn)
2022-12-08 21:45:39,489 DEBUG org.springframework.boot.StartupInfoLogger [restartedMain] Running with Spring Boot v2.4.0, Spring v5.3.1
2022-12-08 21:45:39,489 INFO org.springframework.boot.SpringApplication [restartedMain] The following profiles are active: dev
2022-12-08 21:45:44,084 INFO org.springframework.boot.StartupInfoLogger [restartedMain] Started Java8SpringForLearnApplication in 5.542 seconds (JVM running for 6.419)
2022-12-08 21:45:44,084 ERROR com.java8.springboot.spring.GETCommandLineRunner [restartedMain] ApplicationStartupRunnerOne run method Started !!
2022-12-08 21:45:44,100 INFO com.java8.springboot.spring.ApplicationStartupRunnerTwo [restartedMain] ApplicationStartupRunnerTwo run method Started !!
2022-12-08 21:45:44,100 INFO com.java8.springboot.spring.ApplicationStartupRunnerOne [restartedMain] ApplicationStartupRunnerOne run method Started !!
2022-12-08 21:45:44,116 ERROR com.sun.istack.logging.Logger [restartedMain] name: DungNguyen
age: 23-24

